<?xml version="1.0" encoding="UTF-8"?>
<!-- Generated by org.testng.reporters.JUnitReportReporter -->
<testsuite hostname="DT-KALYANASHIS" name="com.phm.hec.testcases.EndTestSuiteRun" tests="1" failures="0" timestamp="26 Jun 2017 20:15:30 GMT" time="3.156" errors="0">
  <testcase name="EndTestSuite" time="3.156" classname="com.phm.hec.testcases.EndTestSuiteRun"/>
</testsuite> <!-- com.phm.hec.testcases.EndTestSuiteRun -->
