<?xml version="1.0" encoding="UTF-8"?>
<!-- Generated by org.testng.reporters.JUnitReportReporter -->
<testsuite hostname="DT-KALYANASHIS" name="com.phm.hec.testcases.initiate" tests="1" failures="0" timestamp="26 Jun 2017 20:15:30 GMT" time="17.606" errors="0">
  <testcase name="loginn" time="17.606" classname="com.phm.hec.testcases.initiate"/>
</testsuite> <!-- com.phm.hec.testcases.initiate -->
